<?xml version="1.0" encoding="UTF-8" ?>
<testsuite tests="54" failures="0" name="TokenizerTest" time="0.024" errors="0" skipped="0">
  <properties>
    <property name="java.runtime.name" value="Java(TM) SE Runtime Environment"/>
    <property name="sun.boot.library.path" value="C:\Program Files\Java\jdk1.8.0_251\jre\bin"/>
    <property name="java.vm.version" value="25.251-b08"/>
    <property name="java.vm.vendor" value="Oracle Corporation"/>
    <property name="maven.multiModuleProjectDirectory" value="C:\Users\kevsi\Desktop\Java_C"/>
    <property name="java.vendor.url" value="http://java.oracle.com/"/>
    <property name="path.separator" value=";"/>
    <property name="guice.disable.misplaced.annotation.check" value="true"/>
    <property name="java.vm.name" value="Java HotSpot(TM) 64-Bit Server VM"/>
    <property name="file.encoding.pkg" value="sun.io"/>
    <property name="user.script" value=""/>
    <property name="user.country" value="US"/>
    <property name="sun.java.launcher" value="SUN_STANDARD"/>
    <property name="sun.os.patch.level" value=""/>
    <property name="java.vm.specification.name" value="Java Virtual Machine Specification"/>
    <property name="user.dir" value="C:\Users\kevsi\Desktop\Java_C"/>
    <property name="java.runtime.version" value="1.8.0_251-b08"/>
    <property name="java.awt.graphicsenv" value="sun.awt.Win32GraphicsEnvironment"/>
    <property name="java.endorsed.dirs" value="C:\Program Files\Java\jdk1.8.0_251\jre\lib\endorsed"/>
    <property name="os.arch" value="amd64"/>
    <property name="java.io.tmpdir" value="C:\Users\kevsi\AppData\Local\Temp\"/>
    <property name="line.separator" value="
"/>
    <property name="java.vm.specification.vendor" value="Oracle Corporation"/>
    <property name="user.variant" value=""/>
    <property name="os.name" value="Windows 10"/>
    <property name="classworlds.conf" value="C:\Users\kevsi\Desktop\apache-maven-3.8.4\bin\m2.conf"/>
    <property name="sun.jnu.encoding" value="Cp1252"/>
    <property name="java.library.path" value="C:\Program Files\Java\jdk1.8.0_251\bin;C:\WINDOWS\Sun\Java\bin;C:\WINDOWS\system32;C:\WINDOWS;c:\program files (x86)\common files\oracle\java\javapath;c:\programdata\oracle\java\javapath;c:\windows\system32;c:\windows;c:\windows\system32\wbem;c:\windows\system32\windowspowershell\v1.0\;c:\windows\system32\openssh\;c:\program files (x86)\winscp\;c:\program files\dotnet\;c:\users\kevsi\appdata\local\programs\python\python38;c:\users\kevsi\appdata\local\programs\python\python38\scripts;c:\program files\java\jdk1.8.0_251\bin;c:\program files\putty\;c:\program files\git\cmd;c:\program files (x86)\dev-cpp\mingw64\bin;c:\program files\qemu;c:\users\kevsi\appdata\local\bin\nasm;c:\program files\nodejs\;c:\programdata\chocolatey\bin;c:\swift\bin;c:\program files (x86)\intel\intelÂ® memory and storage tool\;C:\Program Files (x86)\NVIDIA Corporation\PhysX\Common;C:\Program Files\Microsoft\Web Platform Installer\;C:\Program Files\Docker\Docker\resources\bin;C:\Program Files\MongoDB\Server\5.0\bin;C:\Program Files\Symfony;C:\sqlite-tools-win32-x86-3370000;C:\WINDOWS\Microsoft.NET\Framework\v4.0.30319;C:\WINDOWS\system32;C:\WINDOWS;C:\WINDOWS\System32\Wbem;C:\WINDOWS\System32\WindowsPowerShell\v1.0\;C:\WINDOWS\System32\OpenSSH\;C:\Users\kevsi\Desktop\apache-maven-3.8.4\bin;C:\Users\kevsi\AppData\Local\Microsoft\WindowsApps;C:\Users\kevsi\AppData\Local\Programs\Python\Python38;C:\Program Files (x86)\clisp-2.49;C:\Users\kevsi\AppData\Local\Programs\Microsoft VS Code\bin;C:\Users\kevsi\AppData\Roaming\npm;C:\xampp\php;C:\Users\kevsi\AppData\Local\ComposerSetup\bin;C:\Users\kevsi\AppData\Roaming\Composer\vendor\bin;C:\Users\kevsi\Desktop\Programming Projects\2020 Programming\OCR\tesser;;."/>
    <property name="maven.conf" value="C:\Users\kevsi\Desktop\apache-maven-3.8.4/conf"/>
    <property name="java.specification.name" value="Java Platform API Specification"/>
    <property name="java.class.version" value="52.0"/>
    <property name="sun.management.compiler" value="HotSpot 64-Bit Tiered Compilers"/>
    <property name="os.version" value="10.0"/>
    <property name="library.jansi.path" value="C:\Users\kevsi\Desktop\apache-maven-3.8.4\lib\jansi-native"/>
    <property name="user.home" value="C:\Users\kevsi"/>
    <property name="user.timezone" value="America/Los_Angeles"/>
    <property name="java.awt.printerjob" value="sun.awt.windows.WPrinterJob"/>
    <property name="java.specification.version" value="1.8"/>
    <property name="file.encoding" value="Cp1252"/>
    <property name="user.name" value="kevsi"/>
    <property name="java.class.path" value="C:\Users\kevsi\Desktop\apache-maven-3.8.4\boot\plexus-classworlds-2.6.0.jar"/>
    <property name="java.vm.specification.version" value="1.8"/>
    <property name="sun.arch.data.model" value="64"/>
    <property name="java.home" value="C:\Program Files\Java\jdk1.8.0_251\jre"/>
    <property name="sun.java.command" value="org.codehaus.plexus.classworlds.launcher.Launcher test"/>
    <property name="java.specification.vendor" value="Oracle Corporation"/>
    <property name="user.language" value="en"/>
    <property name="awt.toolkit" value="sun.awt.windows.WToolkit"/>
    <property name="java.vm.info" value="mixed mode"/>
    <property name="java.version" value="1.8.0_251"/>
    <property name="java.ext.dirs" value="C:\Program Files\Java\jdk1.8.0_251\jre\lib\ext;C:\WINDOWS\Sun\Java\lib\ext"/>
    <property name="sun.boot.class.path" value="C:\Program Files\Java\jdk1.8.0_251\jre\lib\resources.jar;C:\Program Files\Java\jdk1.8.0_251\jre\lib\rt.jar;C:\Program Files\Java\jdk1.8.0_251\jre\lib\sunrsasign.jar;C:\Program Files\Java\jdk1.8.0_251\jre\lib\jsse.jar;C:\Program Files\Java\jdk1.8.0_251\jre\lib\jce.jar;C:\Program Files\Java\jdk1.8.0_251\jre\lib\charsets.jar;C:\Program Files\Java\jdk1.8.0_251\jre\lib\jfr.jar;C:\Program Files\Java\jdk1.8.0_251\jre\classes"/>
    <property name="sun.stderr.encoding" value="cp437"/>
    <property name="java.vendor" value="Oracle Corporation"/>
    <property name="maven.home" value="C:\Users\kevsi\Desktop\apache-maven-3.8.4"/>
    <property name="file.separator" value="\"/>
    <property name="java.vendor.url.bug" value="http://bugreport.sun.com/bugreport/"/>
    <property name="sun.cpu.endian" value="little"/>
    <property name="sun.io.unicode.encoding" value="UnicodeLittle"/>
    <property name="sun.stdout.encoding" value="cp437"/>
    <property name="sun.desktop" value="windows"/>
    <property name="sun.cpu.isalist" value="amd64"/>
  </properties>
  <testcase classname="TokenizerTest" name="testStringLiteral" time="0.006"/>
  <testcase classname="TokenizerTest" name="testIfKeyword" time="0"/>
  <testcase classname="TokenizerTest" name="TestRightCurlyToken" time="0.001"/>
  <testcase classname="TokenizerTest" name="testFalseKeyword" time="0"/>
  <testcase classname="TokenizerTest" name="testPlusOperator" time="0.001"/>
  <testcase classname="TokenizerTest" name="TestRightBracketToken" time="0"/>
  <testcase classname="TokenizerTest" name="testBadStringLiteral" time="0"/>
  <testcase classname="TokenizerTest" name="testReturnKeyword" time="0"/>
  <testcase classname="TokenizerTest" name="testGTOperator" time="0.001"/>
  <testcase classname="TokenizerTest" name="testMultiplicationOperator" time="0"/>
  <testcase classname="TokenizerTest" name="testDivisionOperator" time="0.001"/>
  <testcase classname="TokenizerTest" name="TestLeftBracketToken" time="0"/>
  <testcase classname="TokenizerTest" name="testClogKeyword" time="0.001"/>
  <testcase classname="TokenizerTest" name="TestCommaToken" time="0"/>
  <testcase classname="TokenizerTest" name="testNewKeyword" time="0"/>
  <testcase classname="TokenizerTest" name="testModulusOperator" time="0.001"/>
  <testcase classname="TokenizerTest" name="testGTEQOperator" time="0"/>
  <testcase classname="TokenizerTest" name="TestRightParenToken" time="0.001"/>
  <testcase classname="TokenizerTest" name="TestColonToken" time="0"/>
  <testcase classname="TokenizerTest" name="testForKeyword" time="0.001"/>
  <testcase classname="TokenizerTest" name="testBadIdentifier" time="0.001"/>
  <testcase classname="TokenizerTest" name="testLengthKeyword" time="0"/>
  <testcase classname="TokenizerTest" name="testConstructorKeyword" time="0"/>
  <testcase classname="TokenizerTest" name="testVoidKeyword" time="0.001"/>
  <testcase classname="TokenizerTest" name="testLTEQOperator" time="0"/>
  <testcase classname="TokenizerTest" name="testEqualOperator" time="0.001"/>
  <testcase classname="TokenizerTest" name="testIntKeyword" time="0"/>
  <testcase classname="TokenizerTest" name="testDotOperator" time="0.001"/>
  <testcase classname="TokenizerTest" name="testTrueKeyword" time="0"/>
  <testcase classname="TokenizerTest" name="testClassKeyword" time="0"/>
  <testcase classname="TokenizerTest" name="TestMakeVariable" time="0.001"/>
  <testcase classname="TokenizerTest" name="testBoolKeyword" time="0.001"/>
  <testcase classname="TokenizerTest" name="testIntHashcode" time="0"/>
  <testcase classname="TokenizerTest" name="testEmptyString" time="0"/>
  <testcase classname="TokenizerTest" name="testCloglnKeyword" time="0.001"/>
  <testcase classname="TokenizerTest" name="TestLeftCurlyToken" time="0"/>
  <testcase classname="TokenizerTest" name="testIdentifiers" time="0.001"/>
  <testcase classname="TokenizerTest" name="testEqualToOperator" time="0"/>
  <testcase classname="TokenizerTest" name="testThisKeyword" time="0"/>
  <testcase classname="TokenizerTest" name="testWhileKeyword" time="0.001"/>
  <testcase classname="TokenizerTest" name="testStringKeyword" time="0"/>
  <testcase classname="TokenizerTest" name="testOnlyWhitespace" time="0"/>
  <testcase classname="TokenizerTest" name="testMinusOperator" time="0"/>
  <testcase classname="TokenizerTest" name="testBadInt" time="0"/>
  <testcase classname="TokenizerTest" name="testIntegers" time="0"/>
  <testcase classname="TokenizerTest" name="TestSemicolonToken" time="0"/>
  <testcase classname="TokenizerTest" name="testInvalid" time="0"/>
  <testcase classname="TokenizerTest" name="testStringHashcode" time="0"/>
  <testcase classname="TokenizerTest" name="testElseKeyword" time="0"/>
  <testcase classname="TokenizerTest" name="testLTOperator" time="0.001"/>
  <testcase classname="TokenizerTest" name="testBadStringInt" time="0"/>
  <testcase classname="TokenizerTest" name="TestLeftParenToken" time="0"/>
  <testcase classname="TokenizerTest" name="testTrueByItself" time="0"/>
  <testcase classname="TokenizerTest" name="testBadIntString" time="0"/>
</testsuite>